##############################################
# +----------------------------------------+ #
# |  _____            _____   ____  _   _  | #
# | |  __ \     /\   |  __ \ / __ \| \ | | | #
# | | |__) |   /  \  | |  | | |  | |  \| | | #
# | |  _  /   / /\ \ | |  | | |  | | . ` | | #
# | | | \ \  / ____ \| |__| | |__| | |\  | | #
# | |_|  \_\/_/    \_\_____/ \____/|_| \_| | #
# |                                        | #
# +----------------------------------------+ #
##############################################


Version: 1.0.5
Contributors: ItzSomebody, x0ark, Col-E, Artel, kazigk, Olexorus and freeasbird
[04/25/2021-16:18:11] INFO: Version: 1.0.5
[04/25/2021-16:18:11] INFO: Contributors: ItzSomebody, x0ark, Col-E, Artel, kazigk, Olexorus and freeasbird

[04/25/2021-16:18:11] INFO: Loading library "D:\Program Files\Java\jdk1.8.0_281\jre\lib\rt.jar".
[04/25/2021-16:18:11] INFO: Loading library "D:\Program Files\Java\jdk1.8.0_281\jre\lib\jce.jar".
[04/25/2021-16:18:11] INFO: Loading library "D:\D\_reborncraft\! SharedLibs\spigot-1.8.8-R0.1-SNAPSHOT-latest.jar".
[04/25/2021-16:18:12] INFO: Loading library "D:\D\_reborncraft\! SharedLibs\spigot-1.12.2.jar".
[04/25/2021-16:18:13] INFO: Loading input "D:\IdeaProjects\NMenus\target\NMenus-blaub.jar".
[04/25/2021-16:18:14] INFO: ------------------------------------------------
[04/25/2021-16:18:14] INFO: Running Heavy number obfuscation transformer.
[04/25/2021-16:18:14] INFO: Obfuscated 1958 numbers.
[04/25/2021-16:18:14] INFO: Finished running Heavy number obfuscation transformer. [21ms]
[04/25/2021-16:18:14] INFO: ------------------------------------------------
[04/25/2021-16:18:14] INFO: Running Heavy string encryption transformer.
[04/25/2021-16:18:14] INFO: Encrypted 1387 strings.
[04/25/2021-16:18:14] INFO: Finished running Heavy string encryption transformer. [23ms]
[04/25/2021-16:18:14] INFO: ------------------------------------------------
[04/25/2021-16:18:14] INFO: Running String pool transformer.
[04/25/2021-16:18:14] INFO: Pooled 1387 strings.
[04/25/2021-16:18:14] INFO: Finished running String pool transformer. [10ms]
[04/25/2021-16:18:14] INFO: ------------------------------------------------
[04/25/2021-16:18:14] INFO: Running Heavy flow obfuscation transformer.
[04/25/2021-16:18:14] INFO: Added 6723 fake jump sequences
[04/25/2021-16:18:14] INFO: Finished running Heavy flow obfuscation transformer. [27ms]
[04/25/2021-16:18:14] INFO: ------------------------------------------------
[04/25/2021-16:18:14] INFO: Writing output to "D:\IdeaProjects\NMenus\target\NMenus-radon.jar".
[04/25/2021-16:18:14] INFO: Output file already exists, renamed to D:\IdeaProjects\NMenus\target\NMenus-radon.jar.BACKUP-7.
